<?xml version="1.0" encoding="UTF-8"?>
<!-- Generated by org.testng.reporters.JUnitReportReporter -->
<testsuite hostname="DESKTOP-L5FPDVB" failures="0" tests="1" name="Cucumber.TestNGRunner" time="9.654" errors="0" timestamp="2022-10-15T13:46:56 IST" skipped="0">
  <testcase classname="Cucumber.TestNGRunner" name="runScenario" time="9.654"/>
  <system-out/>
</testsuite> <!-- Cucumber.TestNGRunner -->
